2025-11-05 11:50:14,945 - INFO - Dataset exploration complete: 40 phishing, 40 legitimate
2025-11-05 11:51:08,361 - WARNING - Failed to save augmentation original: Error opening '/Users/suyashsuryavansh/My_Files/academic/scam_call_detection/data/augmented/phishing_1_original.wav': System error.
2025-11-05 11:51:08,362 - WARNING - Failed to save augmentation time_stretch_slow: Error opening '/Users/suyashsuryavansh/My_Files/academic/scam_call_detection/data/augmented/phishing_1_time_stretch_slow.wav': System error.
2025-11-05 11:51:08,362 - WARNING - Failed to save augmentation time_stretch_fast: Error opening '/Users/suyashsuryavansh/My_Files/academic/scam_call_detection/data/augmented/phishing_1_time_stretch_fast.wav': System error.
2025-11-05 11:51:08,362 - WARNING - Failed to save augmentation pitch_up: Error opening '/Users/suyashsuryavansh/My_Files/academic/scam_call_detection/data/augmented/phishing_1_pitch_up.wav': System error.
2025-11-05 11:51:08,362 - WARNING - Failed to save augmentation pitch_down: Error opening '/Users/suyashsuryavansh/My_Files/academic/scam_call_detection/data/augmented/phishing_1_pitch_down.wav': System error.
2025-11-05 11:51:08,442 - WARNING - Failed to save augmentation original: Error opening '/Users/suyashsuryavansh/My_Files/academic/scam_call_detection/data/augmented/phishing_10_original.wav': System error.
2025-11-05 11:51:08,442 - WARNING - Failed to save augmentation time_stretch_slow: Error opening '/Users/suyashsuryavansh/My_Files/academic/scam_call_detection/data/augmented/phishing_10_time_stretch_slow.wav': System error.
2025-11-05 11:51:08,443 - WARNING - Failed to save augmentation time_stretch_fast: Error opening '/Users/suyashsuryavansh/My_Files/academic/scam_call_detection/data/augmented/phishing_10_time_stretch_fast.wav': System error.
2025-11-05 11:51:08,443 - WARNING - Failed to save augmentation pitch_up: Error opening '/Users/suyashsuryavansh/My_Files/academic/scam_call_detection/data/augmented/phishing_10_pitch_up.wav': System error.
2025-11-05 11:51:08,443 - WARNING - Failed to save augmentation pitch_down: Error opening '/Users/suyashsuryavansh/My_Files/academic/scam_call_detection/data/augmented/phishing_10_pitch_down.wav': System error.
2025-11-05 11:51:08,526 - WARNING - Failed to save augmentation original: Error opening '/Users/suyashsuryavansh/My_Files/academic/scam_call_detection/data/augmented/phishing_11_original.wav': System error.
2025-11-05 11:51:08,526 - WARNING - Failed to save augmentation time_stretch_slow: Error opening '/Users/suyashsuryavansh/My_Files/academic/scam_call_detection/data/augmented/phishing_11_time_stretch_slow.wav': System error.
2025-11-05 11:51:08,526 - WARNING - Failed to save augmentation time_stretch_fast: Error opening '/Users/suyashsuryavansh/My_Files/academic/scam_call_detection/data/augmented/phishing_11_time_stretch_fast.wav': System error.
2025-11-05 11:51:08,526 - WARNING - Failed to save augmentation pitch_up: Error opening '/Users/suyashsuryavansh/My_Files/academic/scam_call_detection/data/augmented/phishing_11_pitch_up.wav': System error.
2025-11-05 11:51:08,526 - WARNING - Failed to save augmentation pitch_down: Error opening '/Users/suyashsuryavansh/My_Files/academic/scam_call_detection/data/augmented/phishing_11_pitch_down.wav': System error.
2025-11-05 11:51:08,596 - WARNING - Failed to save augmentation original: Error opening '/Users/suyashsuryavansh/My_Files/academic/scam_call_detection/data/augmented/phishing_12_original.wav': System error.
2025-11-05 11:51:08,596 - WARNING - Failed to save augmentation time_stretch_slow: Error opening '/Users/suyashsuryavansh/My_Files/academic/scam_call_detection/data/augmented/phishing_12_time_stretch_slow.wav': System error.
2025-11-05 11:51:08,596 - WARNING - Failed to save augmentation time_stretch_fast: Error opening '/Users/suyashsuryavansh/My_Files/academic/scam_call_detection/data/augmented/phishing_12_time_stretch_fast.wav': System error.
2025-11-05 11:51:08,596 - WARNING - Failed to save augmentation pitch_up: Error opening '/Users/suyashsuryavansh/My_Files/academic/scam_call_detection/data/augmented/phishing_12_pitch_up.wav': System error.
2025-11-05 11:51:08,596 - WARNING - Failed to save augmentation pitch_down: Error opening '/Users/suyashsuryavansh/My_Files/academic/scam_call_detection/data/augmented/phishing_12_pitch_down.wav': System error.
2025-11-05 11:51:08,665 - WARNING - Failed to save augmentation original: Error opening '/Users/suyashsuryavansh/My_Files/academic/scam_call_detection/data/augmented/phishing_13_original.wav': System error.
2025-11-05 11:51:08,665 - WARNING - Failed to save augmentation time_stretch_slow: Error opening '/Users/suyashsuryavansh/My_Files/academic/scam_call_detection/data/augmented/phishing_13_time_stretch_slow.wav': System error.
2025-11-05 11:51:08,665 - WARNING - Failed to save augmentation time_stretch_fast: Error opening '/Users/suyashsuryavansh/My_Files/academic/scam_call_detection/data/augmented/phishing_13_time_stretch_fast.wav': System error.
2025-11-05 11:51:08,665 - WARNING - Failed to save augmentation pitch_up: Error opening '/Users/suyashsuryavansh/My_Files/academic/scam_call_detection/data/augmented/phishing_13_pitch_up.wav': System error.
2025-11-05 11:51:08,665 - WARNING - Failed to save augmentation pitch_down: Error opening '/Users/suyashsuryavansh/My_Files/academic/scam_call_detection/data/augmented/phishing_13_pitch_down.wav': System error.
2025-11-05 11:51:08,737 - WARNING - Failed to save augmentation original: Error opening '/Users/suyashsuryavansh/My_Files/academic/scam_call_detection/data/augmented/phishing_14_original.wav': System error.
2025-11-05 11:51:08,738 - WARNING - Failed to save augmentation time_stretch_slow: Error opening '/Users/suyashsuryavansh/My_Files/academic/scam_call_detection/data/augmented/phishing_14_time_stretch_slow.wav': System error.
2025-11-05 11:51:08,738 - WARNING - Failed to save augmentation time_stretch_fast: Error opening '/Users/suyashsuryavansh/My_Files/academic/scam_call_detection/data/augmented/phishing_14_time_stretch_fast.wav': System error.
2025-11-05 11:51:08,738 - WARNING - Failed to save augmentation pitch_up: Error opening '/Users/suyashsuryavansh/My_Files/academic/scam_call_detection/data/augmented/phishing_14_pitch_up.wav': System error.
2025-11-05 11:51:08,738 - WARNING - Failed to save augmentation pitch_down: Error opening '/Users/suyashsuryavansh/My_Files/academic/scam_call_detection/data/augmented/phishing_14_pitch_down.wav': System error.
2025-11-05 11:51:08,815 - WARNING - Failed to save augmentation original: Error opening '/Users/suyashsuryavansh/My_Files/academic/scam_call_detection/data/augmented/phishing_15_original.wav': System error.
2025-11-05 11:51:08,816 - WARNING - Failed to save augmentation time_stretch_slow: Error opening '/Users/suyashsuryavansh/My_Files/academic/scam_call_detection/data/augmented/phishing_15_time_stretch_slow.wav': System error.
2025-11-05 11:51:08,816 - WARNING - Failed to save augmentation time_stretch_fast: Error opening '/Users/suyashsuryavansh/My_Files/academic/scam_call_detection/data/augmented/phishing_15_time_stretch_fast.wav': System error.
2025-11-05 11:51:08,816 - WARNING - Failed to save augmentation pitch_up: Error opening '/Users/suyashsuryavansh/My_Files/academic/scam_call_detection/data/augmented/phishing_15_pitch_up.wav': System error.
2025-11-05 11:51:08,816 - WARNING - Failed to save augmentation pitch_down: Error opening '/Users/suyashsuryavansh/My_Files/academic/scam_call_detection/data/augmented/phishing_15_pitch_down.wav': System error.
2025-11-05 11:51:08,888 - WARNING - Failed to save augmentation original: Error opening '/Users/suyashsuryavansh/My_Files/academic/scam_call_detection/data/augmented/phishing_16_original.wav': System error.
2025-11-05 11:51:08,888 - WARNING - Failed to save augmentation time_stretch_slow: Error opening '/Users/suyashsuryavansh/My_Files/academic/scam_call_detection/data/augmented/phishing_16_time_stretch_slow.wav': System error.
2025-11-05 11:51:08,888 - WARNING - Failed to save augmentation time_stretch_fast: Error opening '/Users/suyashsuryavansh/My_Files/academic/scam_call_detection/data/augmented/phishing_16_time_stretch_fast.wav': System error.
2025-11-05 11:51:08,888 - WARNING - Failed to save augmentation pitch_up: Error opening '/Users/suyashsuryavansh/My_Files/academic/scam_call_detection/data/augmented/phishing_16_pitch_up.wav': System error.
2025-11-05 11:51:08,888 - WARNING - Failed to save augmentation pitch_down: Error opening '/Users/suyashsuryavansh/My_Files/academic/scam_call_detection/data/augmented/phishing_16_pitch_down.wav': System error.
2025-11-05 11:51:08,957 - WARNING - Failed to save augmentation original: Error opening '/Users/suyashsuryavansh/My_Files/academic/scam_call_detection/data/augmented/phishing_17_original.wav': System error.
2025-11-05 11:51:08,957 - WARNING - Failed to save augmentation time_stretch_slow: Error opening '/Users/suyashsuryavansh/My_Files/academic/scam_call_detection/data/augmented/phishing_17_time_stretch_slow.wav': System error.
2025-11-05 11:51:08,957 - WARNING - Failed to save augmentation time_stretch_fast: Error opening '/Users/suyashsuryavansh/My_Files/academic/scam_call_detection/data/augmented/phishing_17_time_stretch_fast.wav': System error.
2025-11-05 11:51:08,957 - WARNING - Failed to save augmentation pitch_up: Error opening '/Users/suyashsuryavansh/My_Files/academic/scam_call_detection/data/augmented/phishing_17_pitch_up.wav': System error.
2025-11-05 11:51:08,957 - WARNING - Failed to save augmentation pitch_down: Error opening '/Users/suyashsuryavansh/My_Files/academic/scam_call_detection/data/augmented/phishing_17_pitch_down.wav': System error.
2025-11-05 11:51:09,035 - WARNING - Failed to save augmentation original: Error opening '/Users/suyashsuryavansh/My_Files/academic/scam_call_detection/data/augmented/phishing_18_original.wav': System error.
2025-11-05 11:51:09,035 - WARNING - Failed to save augmentation time_stretch_slow: Error opening '/Users/suyashsuryavansh/My_Files/academic/scam_call_detection/data/augmented/phishing_18_time_stretch_slow.wav': System error.
2025-11-05 11:51:09,035 - WARNING - Failed to save augmentation time_stretch_fast: Error opening '/Users/suyashsuryavansh/My_Files/academic/scam_call_detection/data/augmented/phishing_18_time_stretch_fast.wav': System error.
2025-11-05 11:51:09,035 - WARNING - Failed to save augmentation pitch_up: Error opening '/Users/suyashsuryavansh/My_Files/academic/scam_call_detection/data/augmented/phishing_18_pitch_up.wav': System error.
2025-11-05 11:51:09,035 - WARNING - Failed to save augmentation pitch_down: Error opening '/Users/suyashsuryavansh/My_Files/academic/scam_call_detection/data/augmented/phishing_18_pitch_down.wav': System error.
2025-11-05 11:51:09,116 - WARNING - Failed to save augmentation original: Error opening '/Users/suyashsuryavansh/My_Files/academic/scam_call_detection/data/augmented/phishing_19_original.wav': System error.
2025-11-05 11:51:09,116 - WARNING - Failed to save augmentation time_stretch_slow: Error opening '/Users/suyashsuryavansh/My_Files/academic/scam_call_detection/data/augmented/phishing_19_time_stretch_slow.wav': System error.
2025-11-05 11:51:09,116 - WARNING - Failed to save augmentation time_stretch_fast: Error opening '/Users/suyashsuryavansh/My_Files/academic/scam_call_detection/data/augmented/phishing_19_time_stretch_fast.wav': System error.
2025-11-05 11:51:09,116 - WARNING - Failed to save augmentation pitch_up: Error opening '/Users/suyashsuryavansh/My_Files/academic/scam_call_detection/data/augmented/phishing_19_pitch_up.wav': System error.
2025-11-05 11:51:09,116 - WARNING - Failed to save augmentation pitch_down: Error opening '/Users/suyashsuryavansh/My_Files/academic/scam_call_detection/data/augmented/phishing_19_pitch_down.wav': System error.
2025-11-05 11:51:09,205 - WARNING - Failed to save augmentation original: Error opening '/Users/suyashsuryavansh/My_Files/academic/scam_call_detection/data/augmented/phishing_2_original.wav': System error.
2025-11-05 11:51:09,206 - WARNING - Failed to save augmentation time_stretch_slow: Error opening '/Users/suyashsuryavansh/My_Files/academic/scam_call_detection/data/augmented/phishing_2_time_stretch_slow.wav': System error.
2025-11-05 11:51:09,206 - WARNING - Failed to save augmentation time_stretch_fast: Error opening '/Users/suyashsuryavansh/My_Files/academic/scam_call_detection/data/augmented/phishing_2_time_stretch_fast.wav': System error.
2025-11-05 11:51:09,206 - WARNING - Failed to save augmentation pitch_up: Error opening '/Users/suyashsuryavansh/My_Files/academic/scam_call_detection/data/augmented/phishing_2_pitch_up.wav': System error.
2025-11-05 11:51:09,206 - WARNING - Failed to save augmentation pitch_down: Error opening '/Users/suyashsuryavansh/My_Files/academic/scam_call_detection/data/augmented/phishing_2_pitch_down.wav': System error.
2025-11-05 11:51:09,263 - WARNING - Failed to save augmentation original: Error opening '/Users/suyashsuryavansh/My_Files/academic/scam_call_detection/data/augmented/phishing_20_original.wav': System error.
2025-11-05 11:51:09,264 - WARNING - Failed to save augmentation time_stretch_slow: Error opening '/Users/suyashsuryavansh/My_Files/academic/scam_call_detection/data/augmented/phishing_20_time_stretch_slow.wav': System error.
2025-11-05 11:51:09,264 - WARNING - Failed to save augmentation time_stretch_fast: Error opening '/Users/suyashsuryavansh/My_Files/academic/scam_call_detection/data/augmented/phishing_20_time_stretch_fast.wav': System error.
2025-11-05 11:51:09,264 - WARNING - Failed to save augmentation pitch_up: Error opening '/Users/suyashsuryavansh/My_Files/academic/scam_call_detection/data/augmented/phishing_20_pitch_up.wav': System error.
2025-11-05 11:51:09,264 - WARNING - Failed to save augmentation pitch_down: Error opening '/Users/suyashsuryavansh/My_Files/academic/scam_call_detection/data/augmented/phishing_20_pitch_down.wav': System error.
2025-11-05 11:51:09,341 - WARNING - Failed to save augmentation original: Error opening '/Users/suyashsuryavansh/My_Files/academic/scam_call_detection/data/augmented/phishing_21_original.wav': System error.
2025-11-05 11:51:09,341 - WARNING - Failed to save augmentation time_stretch_slow: Error opening '/Users/suyashsuryavansh/My_Files/academic/scam_call_detection/data/augmented/phishing_21_time_stretch_slow.wav': System error.
2025-11-05 11:51:09,341 - WARNING - Failed to save augmentation time_stretch_fast: Error opening '/Users/suyashsuryavansh/My_Files/academic/scam_call_detection/data/augmented/phishing_21_time_stretch_fast.wav': System error.
2025-11-05 11:51:09,341 - WARNING - Failed to save augmentation pitch_up: Error opening '/Users/suyashsuryavansh/My_Files/academic/scam_call_detection/data/augmented/phishing_21_pitch_up.wav': System error.
2025-11-05 11:51:09,341 - WARNING - Failed to save augmentation pitch_down: Error opening '/Users/suyashsuryavansh/My_Files/academic/scam_call_detection/data/augmented/phishing_21_pitch_down.wav': System error.
2025-11-05 11:51:09,413 - WARNING - Failed to save augmentation original: Error opening '/Users/suyashsuryavansh/My_Files/academic/scam_call_detection/data/augmented/phishing_22_original.wav': System error.
2025-11-05 11:51:09,413 - WARNING - Failed to save augmentation time_stretch_slow: Error opening '/Users/suyashsuryavansh/My_Files/academic/scam_call_detection/data/augmented/phishing_22_time_stretch_slow.wav': System error.
2025-11-05 11:51:09,413 - WARNING - Failed to save augmentation time_stretch_fast: Error opening '/Users/suyashsuryavansh/My_Files/academic/scam_call_detection/data/augmented/phishing_22_time_stretch_fast.wav': System error.
2025-11-05 11:51:09,413 - WARNING - Failed to save augmentation pitch_up: Error opening '/Users/suyashsuryavansh/My_Files/academic/scam_call_detection/data/augmented/phishing_22_pitch_up.wav': System error.
2025-11-05 11:51:09,413 - WARNING - Failed to save augmentation pitch_down: Error opening '/Users/suyashsuryavansh/My_Files/academic/scam_call_detection/data/augmented/phishing_22_pitch_down.wav': System error.
2025-11-05 11:51:09,509 - WARNING - Failed to save augmentation original: Error opening '/Users/suyashsuryavansh/My_Files/academic/scam_call_detection/data/augmented/phishing_23_original.wav': System error.
2025-11-05 11:51:09,509 - WARNING - Failed to save augmentation time_stretch_slow: Error opening '/Users/suyashsuryavansh/My_Files/academic/scam_call_detection/data/augmented/phishing_23_time_stretch_slow.wav': System error.
2025-11-05 11:51:09,510 - WARNING - Failed to save augmentation time_stretch_fast: Error opening '/Users/suyashsuryavansh/My_Files/academic/scam_call_detection/data/augmented/phishing_23_time_stretch_fast.wav': System error.
2025-11-05 11:51:09,510 - WARNING - Failed to save augmentation pitch_up: Error opening '/Users/suyashsuryavansh/My_Files/academic/scam_call_detection/data/augmented/phishing_23_pitch_up.wav': System error.
2025-11-05 11:51:09,510 - WARNING - Failed to save augmentation pitch_down: Error opening '/Users/suyashsuryavansh/My_Files/academic/scam_call_detection/data/augmented/phishing_23_pitch_down.wav': System error.
2025-11-05 11:51:09,574 - WARNING - Failed to save augmentation original: Error opening '/Users/suyashsuryavansh/My_Files/academic/scam_call_detection/data/augmented/phishing_24_original.wav': System error.
2025-11-05 11:51:09,574 - WARNING - Failed to save augmentation time_stretch_slow: Error opening '/Users/suyashsuryavansh/My_Files/academic/scam_call_detection/data/augmented/phishing_24_time_stretch_slow.wav': System error.
2025-11-05 11:51:09,574 - WARNING - Failed to save augmentation time_stretch_fast: Error opening '/Users/suyashsuryavansh/My_Files/academic/scam_call_detection/data/augmented/phishing_24_time_stretch_fast.wav': System error.
2025-11-05 11:51:09,574 - WARNING - Failed to save augmentation pitch_up: Error opening '/Users/suyashsuryavansh/My_Files/academic/scam_call_detection/data/augmented/phishing_24_pitch_up.wav': System error.
2025-11-05 11:51:09,574 - WARNING - Failed to save augmentation pitch_down: Error opening '/Users/suyashsuryavansh/My_Files/academic/scam_call_detection/data/augmented/phishing_24_pitch_down.wav': System error.
2025-11-05 11:51:09,632 - WARNING - Failed to save augmentation original: Error opening '/Users/suyashsuryavansh/My_Files/academic/scam_call_detection/data/augmented/phishing_25_original.wav': System error.
2025-11-05 11:51:09,632 - WARNING - Failed to save augmentation time_stretch_slow: Error opening '/Users/suyashsuryavansh/My_Files/academic/scam_call_detection/data/augmented/phishing_25_time_stretch_slow.wav': System error.
2025-11-05 11:51:09,633 - WARNING - Failed to save augmentation time_stretch_fast: Error opening '/Users/suyashsuryavansh/My_Files/academic/scam_call_detection/data/augmented/phishing_25_time_stretch_fast.wav': System error.
2025-11-05 11:51:09,633 - WARNING - Failed to save augmentation pitch_up: Error opening '/Users/suyashsuryavansh/My_Files/academic/scam_call_detection/data/augmented/phishing_25_pitch_up.wav': System error.
2025-11-05 11:51:09,633 - WARNING - Failed to save augmentation pitch_down: Error opening '/Users/suyashsuryavansh/My_Files/academic/scam_call_detection/data/augmented/phishing_25_pitch_down.wav': System error.
2025-11-05 11:51:09,688 - WARNING - Failed to save augmentation original: Error opening '/Users/suyashsuryavansh/My_Files/academic/scam_call_detection/data/augmented/phishing_26_original.wav': System error.
2025-11-05 11:51:09,688 - WARNING - Failed to save augmentation time_stretch_slow: Error opening '/Users/suyashsuryavansh/My_Files/academic/scam_call_detection/data/augmented/phishing_26_time_stretch_slow.wav': System error.
2025-11-05 11:51:09,689 - WARNING - Failed to save augmentation time_stretch_fast: Error opening '/Users/suyashsuryavansh/My_Files/academic/scam_call_detection/data/augmented/phishing_26_time_stretch_fast.wav': System error.
2025-11-05 11:51:09,689 - WARNING - Failed to save augmentation pitch_up: Error opening '/Users/suyashsuryavansh/My_Files/academic/scam_call_detection/data/augmented/phishing_26_pitch_up.wav': System error.
2025-11-05 11:51:09,689 - WARNING - Failed to save augmentation pitch_down: Error opening '/Users/suyashsuryavansh/My_Files/academic/scam_call_detection/data/augmented/phishing_26_pitch_down.wav': System error.
2025-11-05 11:51:09,756 - WARNING - Failed to save augmentation original: Error opening '/Users/suyashsuryavansh/My_Files/academic/scam_call_detection/data/augmented/phishing_27_original.wav': System error.
2025-11-05 11:51:09,756 - WARNING - Failed to save augmentation time_stretch_slow: Error opening '/Users/suyashsuryavansh/My_Files/academic/scam_call_detection/data/augmented/phishing_27_time_stretch_slow.wav': System error.
2025-11-05 11:51:09,756 - WARNING - Failed to save augmentation time_stretch_fast: Error opening '/Users/suyashsuryavansh/My_Files/academic/scam_call_detection/data/augmented/phishing_27_time_stretch_fast.wav': System error.
2025-11-05 11:51:09,756 - WARNING - Failed to save augmentation pitch_up: Error opening '/Users/suyashsuryavansh/My_Files/academic/scam_call_detection/data/augmented/phishing_27_pitch_up.wav': System error.
2025-11-05 11:51:09,756 - WARNING - Failed to save augmentation pitch_down: Error opening '/Users/suyashsuryavansh/My_Files/academic/scam_call_detection/data/augmented/phishing_27_pitch_down.wav': System error.
2025-11-05 11:51:09,824 - WARNING - Failed to save augmentation original: Error opening '/Users/suyashsuryavansh/My_Files/academic/scam_call_detection/data/augmented/phishing_28_original.wav': System error.
2025-11-05 11:51:09,824 - WARNING - Failed to save augmentation time_stretch_slow: Error opening '/Users/suyashsuryavansh/My_Files/academic/scam_call_detection/data/augmented/phishing_28_time_stretch_slow.wav': System error.
2025-11-05 11:51:09,824 - WARNING - Failed to save augmentation time_stretch_fast: Error opening '/Users/suyashsuryavansh/My_Files/academic/scam_call_detection/data/augmented/phishing_28_time_stretch_fast.wav': System error.
2025-11-05 11:51:09,824 - WARNING - Failed to save augmentation pitch_up: Error opening '/Users/suyashsuryavansh/My_Files/academic/scam_call_detection/data/augmented/phishing_28_pitch_up.wav': System error.
2025-11-05 11:51:09,824 - WARNING - Failed to save augmentation pitch_down: Error opening '/Users/suyashsuryavansh/My_Files/academic/scam_call_detection/data/augmented/phishing_28_pitch_down.wav': System error.
2025-11-05 11:51:09,895 - WARNING - Failed to save augmentation original: Error opening '/Users/suyashsuryavansh/My_Files/academic/scam_call_detection/data/augmented/phishing_29_original.wav': System error.
2025-11-05 11:51:09,895 - WARNING - Failed to save augmentation time_stretch_slow: Error opening '/Users/suyashsuryavansh/My_Files/academic/scam_call_detection/data/augmented/phishing_29_time_stretch_slow.wav': System error.
2025-11-05 11:51:09,895 - WARNING - Failed to save augmentation time_stretch_fast: Error opening '/Users/suyashsuryavansh/My_Files/academic/scam_call_detection/data/augmented/phishing_29_time_stretch_fast.wav': System error.
2025-11-05 11:51:09,895 - WARNING - Failed to save augmentation pitch_up: Error opening '/Users/suyashsuryavansh/My_Files/academic/scam_call_detection/data/augmented/phishing_29_pitch_up.wav': System error.
2025-11-05 11:51:09,895 - WARNING - Failed to save augmentation pitch_down: Error opening '/Users/suyashsuryavansh/My_Files/academic/scam_call_detection/data/augmented/phishing_29_pitch_down.wav': System error.
2025-11-05 11:51:09,977 - WARNING - Failed to save augmentation original: Error opening '/Users/suyashsuryavansh/My_Files/academic/scam_call_detection/data/augmented/phishing_3_original.wav': System error.
2025-11-05 11:51:09,977 - WARNING - Failed to save augmentation time_stretch_slow: Error opening '/Users/suyashsuryavansh/My_Files/academic/scam_call_detection/data/augmented/phishing_3_time_stretch_slow.wav': System error.
2025-11-05 11:51:09,977 - WARNING - Failed to save augmentation time_stretch_fast: Error opening '/Users/suyashsuryavansh/My_Files/academic/scam_call_detection/data/augmented/phishing_3_time_stretch_fast.wav': System error.
2025-11-05 11:51:09,977 - WARNING - Failed to save augmentation pitch_up: Error opening '/Users/suyashsuryavansh/My_Files/academic/scam_call_detection/data/augmented/phishing_3_pitch_up.wav': System error.
2025-11-05 11:51:09,977 - WARNING - Failed to save augmentation pitch_down: Error opening '/Users/suyashsuryavansh/My_Files/academic/scam_call_detection/data/augmented/phishing_3_pitch_down.wav': System error.
2025-11-05 11:51:10,050 - WARNING - Failed to save augmentation original: Error opening '/Users/suyashsuryavansh/My_Files/academic/scam_call_detection/data/augmented/phishing_30_original.wav': System error.
2025-11-05 11:51:10,050 - WARNING - Failed to save augmentation time_stretch_slow: Error opening '/Users/suyashsuryavansh/My_Files/academic/scam_call_detection/data/augmented/phishing_30_time_stretch_slow.wav': System error.
2025-11-05 11:51:10,050 - WARNING - Failed to save augmentation time_stretch_fast: Error opening '/Users/suyashsuryavansh/My_Files/academic/scam_call_detection/data/augmented/phishing_30_time_stretch_fast.wav': System error.
2025-11-05 11:51:10,050 - WARNING - Failed to save augmentation pitch_up: Error opening '/Users/suyashsuryavansh/My_Files/academic/scam_call_detection/data/augmented/phishing_30_pitch_up.wav': System error.
2025-11-05 11:51:10,050 - WARNING - Failed to save augmentation pitch_down: Error opening '/Users/suyashsuryavansh/My_Files/academic/scam_call_detection/data/augmented/phishing_30_pitch_down.wav': System error.
2025-11-05 11:51:10,116 - WARNING - Failed to save augmentation original: Error opening '/Users/suyashsuryavansh/My_Files/academic/scam_call_detection/data/augmented/phishing_31_original.wav': System error.
2025-11-05 11:51:10,116 - WARNING - Failed to save augmentation time_stretch_slow: Error opening '/Users/suyashsuryavansh/My_Files/academic/scam_call_detection/data/augmented/phishing_31_time_stretch_slow.wav': System error.
2025-11-05 11:51:10,116 - WARNING - Failed to save augmentation time_stretch_fast: Error opening '/Users/suyashsuryavansh/My_Files/academic/scam_call_detection/data/augmented/phishing_31_time_stretch_fast.wav': System error.
2025-11-05 11:51:10,116 - WARNING - Failed to save augmentation pitch_up: Error opening '/Users/suyashsuryavansh/My_Files/academic/scam_call_detection/data/augmented/phishing_31_pitch_up.wav': System error.
2025-11-05 11:51:10,116 - WARNING - Failed to save augmentation pitch_down: Error opening '/Users/suyashsuryavansh/My_Files/academic/scam_call_detection/data/augmented/phishing_31_pitch_down.wav': System error.
2025-11-05 11:51:10,184 - WARNING - Failed to save augmentation original: Error opening '/Users/suyashsuryavansh/My_Files/academic/scam_call_detection/data/augmented/phishing_32_original.wav': System error.
2025-11-05 11:51:10,184 - WARNING - Failed to save augmentation time_stretch_slow: Error opening '/Users/suyashsuryavansh/My_Files/academic/scam_call_detection/data/augmented/phishing_32_time_stretch_slow.wav': System error.
2025-11-05 11:51:10,184 - WARNING - Failed to save augmentation time_stretch_fast: Error opening '/Users/suyashsuryavansh/My_Files/academic/scam_call_detection/data/augmented/phishing_32_time_stretch_fast.wav': System error.
2025-11-05 11:51:10,184 - WARNING - Failed to save augmentation pitch_up: Error opening '/Users/suyashsuryavansh/My_Files/academic/scam_call_detection/data/augmented/phishing_32_pitch_up.wav': System error.
2025-11-05 11:51:10,184 - WARNING - Failed to save augmentation pitch_down: Error opening '/Users/suyashsuryavansh/My_Files/academic/scam_call_detection/data/augmented/phishing_32_pitch_down.wav': System error.
2025-11-05 11:51:10,257 - WARNING - Failed to save augmentation original: Error opening '/Users/suyashsuryavansh/My_Files/academic/scam_call_detection/data/augmented/phishing_33_original.wav': System error.
2025-11-05 11:51:10,257 - WARNING - Failed to save augmentation time_stretch_slow: Error opening '/Users/suyashsuryavansh/My_Files/academic/scam_call_detection/data/augmented/phishing_33_time_stretch_slow.wav': System error.
2025-11-05 11:51:10,257 - WARNING - Failed to save augmentation time_stretch_fast: Error opening '/Users/suyashsuryavansh/My_Files/academic/scam_call_detection/data/augmented/phishing_33_time_stretch_fast.wav': System error.
2025-11-05 11:51:10,257 - WARNING - Failed to save augmentation pitch_up: Error opening '/Users/suyashsuryavansh/My_Files/academic/scam_call_detection/data/augmented/phishing_33_pitch_up.wav': System error.
2025-11-05 11:51:10,257 - WARNING - Failed to save augmentation pitch_down: Error opening '/Users/suyashsuryavansh/My_Files/academic/scam_call_detection/data/augmented/phishing_33_pitch_down.wav': System error.
2025-11-05 11:51:10,323 - WARNING - Failed to save augmentation original: Error opening '/Users/suyashsuryavansh/My_Files/academic/scam_call_detection/data/augmented/phishing_34_original.wav': System error.
2025-11-05 11:51:10,323 - WARNING - Failed to save augmentation time_stretch_slow: Error opening '/Users/suyashsuryavansh/My_Files/academic/scam_call_detection/data/augmented/phishing_34_time_stretch_slow.wav': System error.
2025-11-05 11:51:10,323 - WARNING - Failed to save augmentation time_stretch_fast: Error opening '/Users/suyashsuryavansh/My_Files/academic/scam_call_detection/data/augmented/phishing_34_time_stretch_fast.wav': System error.
2025-11-05 11:51:10,323 - WARNING - Failed to save augmentation pitch_up: Error opening '/Users/suyashsuryavansh/My_Files/academic/scam_call_detection/data/augmented/phishing_34_pitch_up.wav': System error.
2025-11-05 11:51:10,323 - WARNING - Failed to save augmentation pitch_down: Error opening '/Users/suyashsuryavansh/My_Files/academic/scam_call_detection/data/augmented/phishing_34_pitch_down.wav': System error.
2025-11-05 11:51:10,364 - WARNING - Failed to save augmentation original: Error opening '/Users/suyashsuryavansh/My_Files/academic/scam_call_detection/data/augmented/phishing_35_original.wav': System error.
2025-11-05 11:51:10,364 - WARNING - Failed to save augmentation time_stretch_slow: Error opening '/Users/suyashsuryavansh/My_Files/academic/scam_call_detection/data/augmented/phishing_35_time_stretch_slow.wav': System error.
2025-11-05 11:51:10,364 - WARNING - Failed to save augmentation time_stretch_fast: Error opening '/Users/suyashsuryavansh/My_Files/academic/scam_call_detection/data/augmented/phishing_35_time_stretch_fast.wav': System error.
2025-11-05 11:51:10,364 - WARNING - Failed to save augmentation pitch_up: Error opening '/Users/suyashsuryavansh/My_Files/academic/scam_call_detection/data/augmented/phishing_35_pitch_up.wav': System error.
2025-11-05 11:51:10,364 - WARNING - Failed to save augmentation pitch_down: Error opening '/Users/suyashsuryavansh/My_Files/academic/scam_call_detection/data/augmented/phishing_35_pitch_down.wav': System error.
2025-11-05 11:51:10,430 - WARNING - Failed to save augmentation original: Error opening '/Users/suyashsuryavansh/My_Files/academic/scam_call_detection/data/augmented/phishing_36_original.wav': System error.
2025-11-05 11:51:10,431 - WARNING - Failed to save augmentation time_stretch_slow: Error opening '/Users/suyashsuryavansh/My_Files/academic/scam_call_detection/data/augmented/phishing_36_time_stretch_slow.wav': System error.
2025-11-05 11:51:10,431 - WARNING - Failed to save augmentation time_stretch_fast: Error opening '/Users/suyashsuryavansh/My_Files/academic/scam_call_detection/data/augmented/phishing_36_time_stretch_fast.wav': System error.
2025-11-05 11:51:10,431 - WARNING - Failed to save augmentation pitch_up: Error opening '/Users/suyashsuryavansh/My_Files/academic/scam_call_detection/data/augmented/phishing_36_pitch_up.wav': System error.
2025-11-05 11:51:10,431 - WARNING - Failed to save augmentation pitch_down: Error opening '/Users/suyashsuryavansh/My_Files/academic/scam_call_detection/data/augmented/phishing_36_pitch_down.wav': System error.
2025-11-05 11:51:10,491 - WARNING - Failed to save augmentation original: Error opening '/Users/suyashsuryavansh/My_Files/academic/scam_call_detection/data/augmented/phishing_37_original.wav': System error.
2025-11-05 11:51:10,492 - WARNING - Failed to save augmentation time_stretch_slow: Error opening '/Users/suyashsuryavansh/My_Files/academic/scam_call_detection/data/augmented/phishing_37_time_stretch_slow.wav': System error.
2025-11-05 11:51:10,492 - WARNING - Failed to save augmentation time_stretch_fast: Error opening '/Users/suyashsuryavansh/My_Files/academic/scam_call_detection/data/augmented/phishing_37_time_stretch_fast.wav': System error.
2025-11-05 11:51:10,492 - WARNING - Failed to save augmentation pitch_up: Error opening '/Users/suyashsuryavansh/My_Files/academic/scam_call_detection/data/augmented/phishing_37_pitch_up.wav': System error.
2025-11-05 11:51:10,492 - WARNING - Failed to save augmentation pitch_down: Error opening '/Users/suyashsuryavansh/My_Files/academic/scam_call_detection/data/augmented/phishing_37_pitch_down.wav': System error.
2025-11-05 11:51:10,551 - WARNING - Failed to save augmentation original: Error opening '/Users/suyashsuryavansh/My_Files/academic/scam_call_detection/data/augmented/phishing_38_original.wav': System error.
2025-11-05 11:51:10,551 - WARNING - Failed to save augmentation time_stretch_slow: Error opening '/Users/suyashsuryavansh/My_Files/academic/scam_call_detection/data/augmented/phishing_38_time_stretch_slow.wav': System error.
2025-11-05 11:51:10,551 - WARNING - Failed to save augmentation time_stretch_fast: Error opening '/Users/suyashsuryavansh/My_Files/academic/scam_call_detection/data/augmented/phishing_38_time_stretch_fast.wav': System error.
2025-11-05 11:51:10,551 - WARNING - Failed to save augmentation pitch_up: Error opening '/Users/suyashsuryavansh/My_Files/academic/scam_call_detection/data/augmented/phishing_38_pitch_up.wav': System error.
2025-11-05 11:51:10,551 - WARNING - Failed to save augmentation pitch_down: Error opening '/Users/suyashsuryavansh/My_Files/academic/scam_call_detection/data/augmented/phishing_38_pitch_down.wav': System error.
2025-11-05 11:51:10,629 - WARNING - Failed to save augmentation original: Error opening '/Users/suyashsuryavansh/My_Files/academic/scam_call_detection/data/augmented/phishing_39_original.wav': System error.
2025-11-05 11:51:10,629 - WARNING - Failed to save augmentation time_stretch_slow: Error opening '/Users/suyashsuryavansh/My_Files/academic/scam_call_detection/data/augmented/phishing_39_time_stretch_slow.wav': System error.
2025-11-05 11:51:10,629 - WARNING - Failed to save augmentation time_stretch_fast: Error opening '/Users/suyashsuryavansh/My_Files/academic/scam_call_detection/data/augmented/phishing_39_time_stretch_fast.wav': System error.
2025-11-05 11:51:10,629 - WARNING - Failed to save augmentation pitch_up: Error opening '/Users/suyashsuryavansh/My_Files/academic/scam_call_detection/data/augmented/phishing_39_pitch_up.wav': System error.
2025-11-05 11:51:10,629 - WARNING - Failed to save augmentation pitch_down: Error opening '/Users/suyashsuryavansh/My_Files/academic/scam_call_detection/data/augmented/phishing_39_pitch_down.wav': System error.
2025-11-05 11:51:10,702 - WARNING - Failed to save augmentation original: Error opening '/Users/suyashsuryavansh/My_Files/academic/scam_call_detection/data/augmented/phishing_4_original.wav': System error.
2025-11-05 11:51:10,702 - WARNING - Failed to save augmentation time_stretch_slow: Error opening '/Users/suyashsuryavansh/My_Files/academic/scam_call_detection/data/augmented/phishing_4_time_stretch_slow.wav': System error.
2025-11-05 11:51:10,702 - WARNING - Failed to save augmentation time_stretch_fast: Error opening '/Users/suyashsuryavansh/My_Files/academic/scam_call_detection/data/augmented/phishing_4_time_stretch_fast.wav': System error.
2025-11-05 11:51:10,702 - WARNING - Failed to save augmentation pitch_up: Error opening '/Users/suyashsuryavansh/My_Files/academic/scam_call_detection/data/augmented/phishing_4_pitch_up.wav': System error.
2025-11-05 11:51:10,702 - WARNING - Failed to save augmentation pitch_down: Error opening '/Users/suyashsuryavansh/My_Files/academic/scam_call_detection/data/augmented/phishing_4_pitch_down.wav': System error.
2025-11-05 11:51:10,767 - WARNING - Failed to save augmentation original: Error opening '/Users/suyashsuryavansh/My_Files/academic/scam_call_detection/data/augmented/phishing_40_original.wav': System error.
2025-11-05 11:51:10,767 - WARNING - Failed to save augmentation time_stretch_slow: Error opening '/Users/suyashsuryavansh/My_Files/academic/scam_call_detection/data/augmented/phishing_40_time_stretch_slow.wav': System error.
2025-11-05 11:51:10,767 - WARNING - Failed to save augmentation time_stretch_fast: Error opening '/Users/suyashsuryavansh/My_Files/academic/scam_call_detection/data/augmented/phishing_40_time_stretch_fast.wav': System error.
2025-11-05 11:51:10,767 - WARNING - Failed to save augmentation pitch_up: Error opening '/Users/suyashsuryavansh/My_Files/academic/scam_call_detection/data/augmented/phishing_40_pitch_up.wav': System error.
2025-11-05 11:51:10,767 - WARNING - Failed to save augmentation pitch_down: Error opening '/Users/suyashsuryavansh/My_Files/academic/scam_call_detection/data/augmented/phishing_40_pitch_down.wav': System error.
2025-11-05 11:51:10,828 - WARNING - Failed to save augmentation original: Error opening '/Users/suyashsuryavansh/My_Files/academic/scam_call_detection/data/augmented/phishing_5_original.wav': System error.
2025-11-05 11:51:10,829 - WARNING - Failed to save augmentation time_stretch_slow: Error opening '/Users/suyashsuryavansh/My_Files/academic/scam_call_detection/data/augmented/phishing_5_time_stretch_slow.wav': System error.
2025-11-05 11:51:10,829 - WARNING - Failed to save augmentation time_stretch_fast: Error opening '/Users/suyashsuryavansh/My_Files/academic/scam_call_detection/data/augmented/phishing_5_time_stretch_fast.wav': System error.
2025-11-05 11:51:10,829 - WARNING - Failed to save augmentation pitch_up: Error opening '/Users/suyashsuryavansh/My_Files/academic/scam_call_detection/data/augmented/phishing_5_pitch_up.wav': System error.
2025-11-05 11:51:10,829 - WARNING - Failed to save augmentation pitch_down: Error opening '/Users/suyashsuryavansh/My_Files/academic/scam_call_detection/data/augmented/phishing_5_pitch_down.wav': System error.
2025-11-05 11:51:10,892 - WARNING - Failed to save augmentation original: Error opening '/Users/suyashsuryavansh/My_Files/academic/scam_call_detection/data/augmented/phishing_6_original.wav': System error.
2025-11-05 11:51:10,892 - WARNING - Failed to save augmentation time_stretch_slow: Error opening '/Users/suyashsuryavansh/My_Files/academic/scam_call_detection/data/augmented/phishing_6_time_stretch_slow.wav': System error.
2025-11-05 11:51:10,892 - WARNING - Failed to save augmentation time_stretch_fast: Error opening '/Users/suyashsuryavansh/My_Files/academic/scam_call_detection/data/augmented/phishing_6_time_stretch_fast.wav': System error.
2025-11-05 11:51:10,892 - WARNING - Failed to save augmentation pitch_up: Error opening '/Users/suyashsuryavansh/My_Files/academic/scam_call_detection/data/augmented/phishing_6_pitch_up.wav': System error.
2025-11-05 11:51:10,892 - WARNING - Failed to save augmentation pitch_down: Error opening '/Users/suyashsuryavansh/My_Files/academic/scam_call_detection/data/augmented/phishing_6_pitch_down.wav': System error.
2025-11-05 11:51:10,954 - WARNING - Failed to save augmentation original: Error opening '/Users/suyashsuryavansh/My_Files/academic/scam_call_detection/data/augmented/phishing_7_original.wav': System error.
2025-11-05 11:51:10,954 - WARNING - Failed to save augmentation time_stretch_slow: Error opening '/Users/suyashsuryavansh/My_Files/academic/scam_call_detection/data/augmented/phishing_7_time_stretch_slow.wav': System error.
2025-11-05 11:51:10,954 - WARNING - Failed to save augmentation time_stretch_fast: Error opening '/Users/suyashsuryavansh/My_Files/academic/scam_call_detection/data/augmented/phishing_7_time_stretch_fast.wav': System error.
2025-11-05 11:51:10,954 - WARNING - Failed to save augmentation pitch_up: Error opening '/Users/suyashsuryavansh/My_Files/academic/scam_call_detection/data/augmented/phishing_7_pitch_up.wav': System error.
2025-11-05 11:51:10,954 - WARNING - Failed to save augmentation pitch_down: Error opening '/Users/suyashsuryavansh/My_Files/academic/scam_call_detection/data/augmented/phishing_7_pitch_down.wav': System error.
2025-11-05 11:51:11,028 - WARNING - Failed to save augmentation original: Error opening '/Users/suyashsuryavansh/My_Files/academic/scam_call_detection/data/augmented/phishing_8_original.wav': System error.
2025-11-05 11:51:11,028 - WARNING - Failed to save augmentation time_stretch_slow: Error opening '/Users/suyashsuryavansh/My_Files/academic/scam_call_detection/data/augmented/phishing_8_time_stretch_slow.wav': System error.
2025-11-05 11:51:11,028 - WARNING - Failed to save augmentation time_stretch_fast: Error opening '/Users/suyashsuryavansh/My_Files/academic/scam_call_detection/data/augmented/phishing_8_time_stretch_fast.wav': System error.
2025-11-05 11:51:11,028 - WARNING - Failed to save augmentation pitch_up: Error opening '/Users/suyashsuryavansh/My_Files/academic/scam_call_detection/data/augmented/phishing_8_pitch_up.wav': System error.
2025-11-05 11:51:11,028 - WARNING - Failed to save augmentation pitch_down: Error opening '/Users/suyashsuryavansh/My_Files/academic/scam_call_detection/data/augmented/phishing_8_pitch_down.wav': System error.
2025-11-05 11:51:11,096 - WARNING - Failed to save augmentation original: Error opening '/Users/suyashsuryavansh/My_Files/academic/scam_call_detection/data/augmented/phishing_9_original.wav': System error.
2025-11-05 11:51:11,096 - WARNING - Failed to save augmentation time_stretch_slow: Error opening '/Users/suyashsuryavansh/My_Files/academic/scam_call_detection/data/augmented/phishing_9_time_stretch_slow.wav': System error.
2025-11-05 11:51:11,096 - WARNING - Failed to save augmentation time_stretch_fast: Error opening '/Users/suyashsuryavansh/My_Files/academic/scam_call_detection/data/augmented/phishing_9_time_stretch_fast.wav': System error.
2025-11-05 11:51:11,096 - WARNING - Failed to save augmentation pitch_up: Error opening '/Users/suyashsuryavansh/My_Files/academic/scam_call_detection/data/augmented/phishing_9_pitch_up.wav': System error.
2025-11-05 11:51:11,096 - WARNING - Failed to save augmentation pitch_down: Error opening '/Users/suyashsuryavansh/My_Files/academic/scam_call_detection/data/augmented/phishing_9_pitch_down.wav': System error.
2025-11-05 11:51:11,171 - WARNING - Failed to save augmentation original: Error opening '/Users/suyashsuryavansh/My_Files/academic/scam_call_detection/data/augmented/legitimate_1_original.wav': System error.
2025-11-05 11:51:11,171 - WARNING - Failed to save augmentation time_stretch_slow: Error opening '/Users/suyashsuryavansh/My_Files/academic/scam_call_detection/data/augmented/legitimate_1_time_stretch_slow.wav': System error.
2025-11-05 11:51:11,171 - WARNING - Failed to save augmentation time_stretch_fast: Error opening '/Users/suyashsuryavansh/My_Files/academic/scam_call_detection/data/augmented/legitimate_1_time_stretch_fast.wav': System error.
2025-11-05 11:51:11,172 - WARNING - Failed to save augmentation pitch_up: Error opening '/Users/suyashsuryavansh/My_Files/academic/scam_call_detection/data/augmented/legitimate_1_pitch_up.wav': System error.
2025-11-05 11:51:11,172 - WARNING - Failed to save augmentation pitch_down: Error opening '/Users/suyashsuryavansh/My_Files/academic/scam_call_detection/data/augmented/legitimate_1_pitch_down.wav': System error.
2025-11-05 11:51:11,237 - WARNING - Failed to save augmentation original: Error opening '/Users/suyashsuryavansh/My_Files/academic/scam_call_detection/data/augmented/legitimate_10_original.wav': System error.
2025-11-05 11:51:11,237 - WARNING - Failed to save augmentation time_stretch_slow: Error opening '/Users/suyashsuryavansh/My_Files/academic/scam_call_detection/data/augmented/legitimate_10_time_stretch_slow.wav': System error.
2025-11-05 11:51:11,237 - WARNING - Failed to save augmentation time_stretch_fast: Error opening '/Users/suyashsuryavansh/My_Files/academic/scam_call_detection/data/augmented/legitimate_10_time_stretch_fast.wav': System error.
2025-11-05 11:51:11,237 - WARNING - Failed to save augmentation pitch_up: Error opening '/Users/suyashsuryavansh/My_Files/academic/scam_call_detection/data/augmented/legitimate_10_pitch_up.wav': System error.
2025-11-05 11:51:11,238 - WARNING - Failed to save augmentation pitch_down: Error opening '/Users/suyashsuryavansh/My_Files/academic/scam_call_detection/data/augmented/legitimate_10_pitch_down.wav': System error.
2025-11-05 11:51:11,307 - WARNING - Failed to save augmentation original: Error opening '/Users/suyashsuryavansh/My_Files/academic/scam_call_detection/data/augmented/legitimate_11_original.wav': System error.
2025-11-05 11:51:11,307 - WARNING - Failed to save augmentation time_stretch_slow: Error opening '/Users/suyashsuryavansh/My_Files/academic/scam_call_detection/data/augmented/legitimate_11_time_stretch_slow.wav': System error.
2025-11-05 11:51:11,307 - WARNING - Failed to save augmentation time_stretch_fast: Error opening '/Users/suyashsuryavansh/My_Files/academic/scam_call_detection/data/augmented/legitimate_11_time_stretch_fast.wav': System error.
2025-11-05 11:51:11,307 - WARNING - Failed to save augmentation pitch_up: Error opening '/Users/suyashsuryavansh/My_Files/academic/scam_call_detection/data/augmented/legitimate_11_pitch_up.wav': System error.
2025-11-05 11:51:11,307 - WARNING - Failed to save augmentation pitch_down: Error opening '/Users/suyashsuryavansh/My_Files/academic/scam_call_detection/data/augmented/legitimate_11_pitch_down.wav': System error.
2025-11-05 11:51:11,369 - WARNING - Failed to save augmentation original: Error opening '/Users/suyashsuryavansh/My_Files/academic/scam_call_detection/data/augmented/legitimate_12_original.wav': System error.
2025-11-05 11:51:11,369 - WARNING - Failed to save augmentation time_stretch_slow: Error opening '/Users/suyashsuryavansh/My_Files/academic/scam_call_detection/data/augmented/legitimate_12_time_stretch_slow.wav': System error.
2025-11-05 11:51:11,369 - WARNING - Failed to save augmentation time_stretch_fast: Error opening '/Users/suyashsuryavansh/My_Files/academic/scam_call_detection/data/augmented/legitimate_12_time_stretch_fast.wav': System error.
2025-11-05 11:51:11,369 - WARNING - Failed to save augmentation pitch_up: Error opening '/Users/suyashsuryavansh/My_Files/academic/scam_call_detection/data/augmented/legitimate_12_pitch_up.wav': System error.
2025-11-05 11:51:11,369 - WARNING - Failed to save augmentation pitch_down: Error opening '/Users/suyashsuryavansh/My_Files/academic/scam_call_detection/data/augmented/legitimate_12_pitch_down.wav': System error.
2025-11-05 11:51:11,409 - WARNING - Failed to save augmentation original: Error opening '/Users/suyashsuryavansh/My_Files/academic/scam_call_detection/data/augmented/legitimate_13_original.wav': System error.
2025-11-05 11:51:11,409 - WARNING - Failed to save augmentation time_stretch_slow: Error opening '/Users/suyashsuryavansh/My_Files/academic/scam_call_detection/data/augmented/legitimate_13_time_stretch_slow.wav': System error.
2025-11-05 11:51:11,409 - WARNING - Failed to save augmentation time_stretch_fast: Error opening '/Users/suyashsuryavansh/My_Files/academic/scam_call_detection/data/augmented/legitimate_13_time_stretch_fast.wav': System error.
2025-11-05 11:51:11,409 - WARNING - Failed to save augmentation pitch_up: Error opening '/Users/suyashsuryavansh/My_Files/academic/scam_call_detection/data/augmented/legitimate_13_pitch_up.wav': System error.
2025-11-05 11:51:11,409 - WARNING - Failed to save augmentation pitch_down: Error opening '/Users/suyashsuryavansh/My_Files/academic/scam_call_detection/data/augmented/legitimate_13_pitch_down.wav': System error.
2025-11-05 11:51:11,450 - WARNING - Failed to save augmentation original: Error opening '/Users/suyashsuryavansh/My_Files/academic/scam_call_detection/data/augmented/legitimate_14_original.wav': System error.
2025-11-05 11:51:11,450 - WARNING - Failed to save augmentation time_stretch_slow: Error opening '/Users/suyashsuryavansh/My_Files/academic/scam_call_detection/data/augmented/legitimate_14_time_stretch_slow.wav': System error.
2025-11-05 11:51:11,450 - WARNING - Failed to save augmentation time_stretch_fast: Error opening '/Users/suyashsuryavansh/My_Files/academic/scam_call_detection/data/augmented/legitimate_14_time_stretch_fast.wav': System error.
2025-11-05 11:51:11,450 - WARNING - Failed to save augmentation pitch_up: Error opening '/Users/suyashsuryavansh/My_Files/academic/scam_call_detection/data/augmented/legitimate_14_pitch_up.wav': System error.
2025-11-05 11:51:11,450 - WARNING - Failed to save augmentation pitch_down: Error opening '/Users/suyashsuryavansh/My_Files/academic/scam_call_detection/data/augmented/legitimate_14_pitch_down.wav': System error.
2025-11-05 11:51:11,510 - WARNING - Failed to save augmentation original: Error opening '/Users/suyashsuryavansh/My_Files/academic/scam_call_detection/data/augmented/legitimate_15_original.wav': System error.
2025-11-05 11:51:11,510 - WARNING - Failed to save augmentation time_stretch_slow: Error opening '/Users/suyashsuryavansh/My_Files/academic/scam_call_detection/data/augmented/legitimate_15_time_stretch_slow.wav': System error.
2025-11-05 11:51:11,510 - WARNING - Failed to save augmentation time_stretch_fast: Error opening '/Users/suyashsuryavansh/My_Files/academic/scam_call_detection/data/augmented/legitimate_15_time_stretch_fast.wav': System error.
2025-11-05 11:51:11,510 - WARNING - Failed to save augmentation pitch_up: Error opening '/Users/suyashsuryavansh/My_Files/academic/scam_call_detection/data/augmented/legitimate_15_pitch_up.wav': System error.
2025-11-05 11:51:11,510 - WARNING - Failed to save augmentation pitch_down: Error opening '/Users/suyashsuryavansh/My_Files/academic/scam_call_detection/data/augmented/legitimate_15_pitch_down.wav': System error.
2025-11-05 11:51:11,582 - WARNING - Failed to save augmentation original: Error opening '/Users/suyashsuryavansh/My_Files/academic/scam_call_detection/data/augmented/legitimate_16_original.wav': System error.
2025-11-05 11:51:11,583 - WARNING - Failed to save augmentation time_stretch_slow: Error opening '/Users/suyashsuryavansh/My_Files/academic/scam_call_detection/data/augmented/legitimate_16_time_stretch_slow.wav': System error.
2025-11-05 11:51:11,583 - WARNING - Failed to save augmentation time_stretch_fast: Error opening '/Users/suyashsuryavansh/My_Files/academic/scam_call_detection/data/augmented/legitimate_16_time_stretch_fast.wav': System error.
2025-11-05 11:51:11,583 - WARNING - Failed to save augmentation pitch_up: Error opening '/Users/suyashsuryavansh/My_Files/academic/scam_call_detection/data/augmented/legitimate_16_pitch_up.wav': System error.
2025-11-05 11:51:11,583 - WARNING - Failed to save augmentation pitch_down: Error opening '/Users/suyashsuryavansh/My_Files/academic/scam_call_detection/data/augmented/legitimate_16_pitch_down.wav': System error.
2025-11-05 11:51:11,632 - WARNING - Failed to save augmentation original: Error opening '/Users/suyashsuryavansh/My_Files/academic/scam_call_detection/data/augmented/legitimate_17_original.wav': System error.
2025-11-05 11:51:11,632 - WARNING - Failed to save augmentation time_stretch_slow: Error opening '/Users/suyashsuryavansh/My_Files/academic/scam_call_detection/data/augmented/legitimate_17_time_stretch_slow.wav': System error.
2025-11-05 11:51:11,632 - WARNING - Failed to save augmentation time_stretch_fast: Error opening '/Users/suyashsuryavansh/My_Files/academic/scam_call_detection/data/augmented/legitimate_17_time_stretch_fast.wav': System error.
2025-11-05 11:51:11,632 - WARNING - Failed to save augmentation pitch_up: Error opening '/Users/suyashsuryavansh/My_Files/academic/scam_call_detection/data/augmented/legitimate_17_pitch_up.wav': System error.
2025-11-05 11:51:11,632 - WARNING - Failed to save augmentation pitch_down: Error opening '/Users/suyashsuryavansh/My_Files/academic/scam_call_detection/data/augmented/legitimate_17_pitch_down.wav': System error.
2025-11-05 11:51:11,706 - WARNING - Failed to save augmentation original: Error opening '/Users/suyashsuryavansh/My_Files/academic/scam_call_detection/data/augmented/legitimate_18_original.wav': System error.
2025-11-05 11:51:11,706 - WARNING - Failed to save augmentation time_stretch_slow: Error opening '/Users/suyashsuryavansh/My_Files/academic/scam_call_detection/data/augmented/legitimate_18_time_stretch_slow.wav': System error.
2025-11-05 11:51:11,706 - WARNING - Failed to save augmentation time_stretch_fast: Error opening '/Users/suyashsuryavansh/My_Files/academic/scam_call_detection/data/augmented/legitimate_18_time_stretch_fast.wav': System error.
2025-11-05 11:51:11,706 - WARNING - Failed to save augmentation pitch_up: Error opening '/Users/suyashsuryavansh/My_Files/academic/scam_call_detection/data/augmented/legitimate_18_pitch_up.wav': System error.
2025-11-05 11:51:11,706 - WARNING - Failed to save augmentation pitch_down: Error opening '/Users/suyashsuryavansh/My_Files/academic/scam_call_detection/data/augmented/legitimate_18_pitch_down.wav': System error.
2025-11-05 11:51:11,759 - WARNING - Failed to save augmentation original: Error opening '/Users/suyashsuryavansh/My_Files/academic/scam_call_detection/data/augmented/legitimate_19_original.wav': System error.
2025-11-05 11:51:11,759 - WARNING - Failed to save augmentation time_stretch_slow: Error opening '/Users/suyashsuryavansh/My_Files/academic/scam_call_detection/data/augmented/legitimate_19_time_stretch_slow.wav': System error.
2025-11-05 11:51:11,759 - WARNING - Failed to save augmentation time_stretch_fast: Error opening '/Users/suyashsuryavansh/My_Files/academic/scam_call_detection/data/augmented/legitimate_19_time_stretch_fast.wav': System error.
2025-11-05 11:51:11,759 - WARNING - Failed to save augmentation pitch_up: Error opening '/Users/suyashsuryavansh/My_Files/academic/scam_call_detection/data/augmented/legitimate_19_pitch_up.wav': System error.
2025-11-05 11:51:11,759 - WARNING - Failed to save augmentation pitch_down: Error opening '/Users/suyashsuryavansh/My_Files/academic/scam_call_detection/data/augmented/legitimate_19_pitch_down.wav': System error.
2025-11-05 11:51:11,832 - WARNING - Failed to save augmentation original: Error opening '/Users/suyashsuryavansh/My_Files/academic/scam_call_detection/data/augmented/legitimate_2_original.wav': System error.
2025-11-05 11:51:11,832 - WARNING - Failed to save augmentation time_stretch_slow: Error opening '/Users/suyashsuryavansh/My_Files/academic/scam_call_detection/data/augmented/legitimate_2_time_stretch_slow.wav': System error.
2025-11-05 11:51:11,832 - WARNING - Failed to save augmentation time_stretch_fast: Error opening '/Users/suyashsuryavansh/My_Files/academic/scam_call_detection/data/augmented/legitimate_2_time_stretch_fast.wav': System error.
2025-11-05 11:51:11,832 - WARNING - Failed to save augmentation pitch_up: Error opening '/Users/suyashsuryavansh/My_Files/academic/scam_call_detection/data/augmented/legitimate_2_pitch_up.wav': System error.
2025-11-05 11:51:11,832 - WARNING - Failed to save augmentation pitch_down: Error opening '/Users/suyashsuryavansh/My_Files/academic/scam_call_detection/data/augmented/legitimate_2_pitch_down.wav': System error.
2025-11-05 11:51:11,875 - WARNING - Failed to save augmentation original: Error opening '/Users/suyashsuryavansh/My_Files/academic/scam_call_detection/data/augmented/legitimate_20_original.wav': System error.
2025-11-05 11:51:11,875 - WARNING - Failed to save augmentation time_stretch_slow: Error opening '/Users/suyashsuryavansh/My_Files/academic/scam_call_detection/data/augmented/legitimate_20_time_stretch_slow.wav': System error.
2025-11-05 11:51:11,875 - WARNING - Failed to save augmentation time_stretch_fast: Error opening '/Users/suyashsuryavansh/My_Files/academic/scam_call_detection/data/augmented/legitimate_20_time_stretch_fast.wav': System error.
2025-11-05 11:51:11,875 - WARNING - Failed to save augmentation pitch_up: Error opening '/Users/suyashsuryavansh/My_Files/academic/scam_call_detection/data/augmented/legitimate_20_pitch_up.wav': System error.
2025-11-05 11:51:11,876 - WARNING - Failed to save augmentation pitch_down: Error opening '/Users/suyashsuryavansh/My_Files/academic/scam_call_detection/data/augmented/legitimate_20_pitch_down.wav': System error.
2025-11-05 11:51:11,942 - WARNING - Failed to save augmentation original: Error opening '/Users/suyashsuryavansh/My_Files/academic/scam_call_detection/data/augmented/legitimate_21_original.wav': System error.
2025-11-05 11:51:11,942 - WARNING - Failed to save augmentation time_stretch_slow: Error opening '/Users/suyashsuryavansh/My_Files/academic/scam_call_detection/data/augmented/legitimate_21_time_stretch_slow.wav': System error.
2025-11-05 11:51:11,942 - WARNING - Failed to save augmentation time_stretch_fast: Error opening '/Users/suyashsuryavansh/My_Files/academic/scam_call_detection/data/augmented/legitimate_21_time_stretch_fast.wav': System error.
2025-11-05 11:51:11,942 - WARNING - Failed to save augmentation pitch_up: Error opening '/Users/suyashsuryavansh/My_Files/academic/scam_call_detection/data/augmented/legitimate_21_pitch_up.wav': System error.
2025-11-05 11:51:11,942 - WARNING - Failed to save augmentation pitch_down: Error opening '/Users/suyashsuryavansh/My_Files/academic/scam_call_detection/data/augmented/legitimate_21_pitch_down.wav': System error.
2025-11-05 11:51:12,032 - WARNING - Failed to save augmentation original: Error opening '/Users/suyashsuryavansh/My_Files/academic/scam_call_detection/data/augmented/legitimate_22_original.wav': System error.
2025-11-05 11:51:12,032 - WARNING - Failed to save augmentation time_stretch_slow: Error opening '/Users/suyashsuryavansh/My_Files/academic/scam_call_detection/data/augmented/legitimate_22_time_stretch_slow.wav': System error.
2025-11-05 11:51:12,032 - WARNING - Failed to save augmentation time_stretch_fast: Error opening '/Users/suyashsuryavansh/My_Files/academic/scam_call_detection/data/augmented/legitimate_22_time_stretch_fast.wav': System error.
2025-11-05 11:51:12,032 - WARNING - Failed to save augmentation pitch_up: Error opening '/Users/suyashsuryavansh/My_Files/academic/scam_call_detection/data/augmented/legitimate_22_pitch_up.wav': System error.
2025-11-05 11:51:12,032 - WARNING - Failed to save augmentation pitch_down: Error opening '/Users/suyashsuryavansh/My_Files/academic/scam_call_detection/data/augmented/legitimate_22_pitch_down.wav': System error.
2025-11-05 11:51:12,082 - WARNING - Failed to save augmentation original: Error opening '/Users/suyashsuryavansh/My_Files/academic/scam_call_detection/data/augmented/legitimate_23_original.wav': System error.
2025-11-05 11:51:12,082 - WARNING - Failed to save augmentation time_stretch_slow: Error opening '/Users/suyashsuryavansh/My_Files/academic/scam_call_detection/data/augmented/legitimate_23_time_stretch_slow.wav': System error.
2025-11-05 11:51:12,082 - WARNING - Failed to save augmentation time_stretch_fast: Error opening '/Users/suyashsuryavansh/My_Files/academic/scam_call_detection/data/augmented/legitimate_23_time_stretch_fast.wav': System error.
2025-11-05 11:51:12,082 - WARNING - Failed to save augmentation pitch_up: Error opening '/Users/suyashsuryavansh/My_Files/academic/scam_call_detection/data/augmented/legitimate_23_pitch_up.wav': System error.
2025-11-05 11:51:12,082 - WARNING - Failed to save augmentation pitch_down: Error opening '/Users/suyashsuryavansh/My_Files/academic/scam_call_detection/data/augmented/legitimate_23_pitch_down.wav': System error.
2025-11-05 11:51:12,127 - WARNING - Failed to save augmentation original: Error opening '/Users/suyashsuryavansh/My_Files/academic/scam_call_detection/data/augmented/legitimate_24_original.wav': System error.
2025-11-05 11:51:12,127 - WARNING - Failed to save augmentation time_stretch_slow: Error opening '/Users/suyashsuryavansh/My_Files/academic/scam_call_detection/data/augmented/legitimate_24_time_stretch_slow.wav': System error.
2025-11-05 11:51:12,127 - WARNING - Failed to save augmentation time_stretch_fast: Error opening '/Users/suyashsuryavansh/My_Files/academic/scam_call_detection/data/augmented/legitimate_24_time_stretch_fast.wav': System error.
2025-11-05 11:51:12,127 - WARNING - Failed to save augmentation pitch_up: Error opening '/Users/suyashsuryavansh/My_Files/academic/scam_call_detection/data/augmented/legitimate_24_pitch_up.wav': System error.
2025-11-05 11:51:12,127 - WARNING - Failed to save augmentation pitch_down: Error opening '/Users/suyashsuryavansh/My_Files/academic/scam_call_detection/data/augmented/legitimate_24_pitch_down.wav': System error.
2025-11-05 11:51:12,171 - WARNING - Failed to save augmentation original: Error opening '/Users/suyashsuryavansh/My_Files/academic/scam_call_detection/data/augmented/legitimate_25_original.wav': System error.
2025-11-05 11:51:12,172 - WARNING - Failed to save augmentation time_stretch_slow: Error opening '/Users/suyashsuryavansh/My_Files/academic/scam_call_detection/data/augmented/legitimate_25_time_stretch_slow.wav': System error.
2025-11-05 11:51:12,172 - WARNING - Failed to save augmentation time_stretch_fast: Error opening '/Users/suyashsuryavansh/My_Files/academic/scam_call_detection/data/augmented/legitimate_25_time_stretch_fast.wav': System error.
2025-11-05 11:51:12,172 - WARNING - Failed to save augmentation pitch_up: Error opening '/Users/suyashsuryavansh/My_Files/academic/scam_call_detection/data/augmented/legitimate_25_pitch_up.wav': System error.
2025-11-05 11:51:12,172 - WARNING - Failed to save augmentation pitch_down: Error opening '/Users/suyashsuryavansh/My_Files/academic/scam_call_detection/data/augmented/legitimate_25_pitch_down.wav': System error.
2025-11-05 11:51:12,208 - WARNING - Failed to save augmentation original: Error opening '/Users/suyashsuryavansh/My_Files/academic/scam_call_detection/data/augmented/legitimate_26_original.wav': System error.
2025-11-05 11:51:12,208 - WARNING - Failed to save augmentation time_stretch_slow: Error opening '/Users/suyashsuryavansh/My_Files/academic/scam_call_detection/data/augmented/legitimate_26_time_stretch_slow.wav': System error.
2025-11-05 11:51:12,209 - WARNING - Failed to save augmentation time_stretch_fast: Error opening '/Users/suyashsuryavansh/My_Files/academic/scam_call_detection/data/augmented/legitimate_26_time_stretch_fast.wav': System error.
2025-11-05 11:51:12,209 - WARNING - Failed to save augmentation pitch_up: Error opening '/Users/suyashsuryavansh/My_Files/academic/scam_call_detection/data/augmented/legitimate_26_pitch_up.wav': System error.
2025-11-05 11:51:12,209 - WARNING - Failed to save augmentation pitch_down: Error opening '/Users/suyashsuryavansh/My_Files/academic/scam_call_detection/data/augmented/legitimate_26_pitch_down.wav': System error.
2025-11-05 11:51:12,250 - WARNING - Failed to save augmentation original: Error opening '/Users/suyashsuryavansh/My_Files/academic/scam_call_detection/data/augmented/legitimate_27_original.wav': System error.
2025-11-05 11:51:12,250 - WARNING - Failed to save augmentation time_stretch_slow: Error opening '/Users/suyashsuryavansh/My_Files/academic/scam_call_detection/data/augmented/legitimate_27_time_stretch_slow.wav': System error.
2025-11-05 11:51:12,250 - WARNING - Failed to save augmentation time_stretch_fast: Error opening '/Users/suyashsuryavansh/My_Files/academic/scam_call_detection/data/augmented/legitimate_27_time_stretch_fast.wav': System error.
2025-11-05 11:51:12,250 - WARNING - Failed to save augmentation pitch_up: Error opening '/Users/suyashsuryavansh/My_Files/academic/scam_call_detection/data/augmented/legitimate_27_pitch_up.wav': System error.
2025-11-05 11:51:12,250 - WARNING - Failed to save augmentation pitch_down: Error opening '/Users/suyashsuryavansh/My_Files/academic/scam_call_detection/data/augmented/legitimate_27_pitch_down.wav': System error.
2025-11-05 11:51:12,325 - WARNING - Failed to save augmentation original: Error opening '/Users/suyashsuryavansh/My_Files/academic/scam_call_detection/data/augmented/legitimate_28_original.wav': System error.
2025-11-05 11:51:12,325 - WARNING - Failed to save augmentation time_stretch_slow: Error opening '/Users/suyashsuryavansh/My_Files/academic/scam_call_detection/data/augmented/legitimate_28_time_stretch_slow.wav': System error.
2025-11-05 11:51:12,325 - WARNING - Failed to save augmentation time_stretch_fast: Error opening '/Users/suyashsuryavansh/My_Files/academic/scam_call_detection/data/augmented/legitimate_28_time_stretch_fast.wav': System error.
2025-11-05 11:51:12,325 - WARNING - Failed to save augmentation pitch_up: Error opening '/Users/suyashsuryavansh/My_Files/academic/scam_call_detection/data/augmented/legitimate_28_pitch_up.wav': System error.
2025-11-05 11:51:12,325 - WARNING - Failed to save augmentation pitch_down: Error opening '/Users/suyashsuryavansh/My_Files/academic/scam_call_detection/data/augmented/legitimate_28_pitch_down.wav': System error.
2025-11-05 11:51:12,373 - WARNING - Failed to save augmentation original: Error opening '/Users/suyashsuryavansh/My_Files/academic/scam_call_detection/data/augmented/legitimate_29_original.wav': System error.
2025-11-05 11:51:12,373 - WARNING - Failed to save augmentation time_stretch_slow: Error opening '/Users/suyashsuryavansh/My_Files/academic/scam_call_detection/data/augmented/legitimate_29_time_stretch_slow.wav': System error.
2025-11-05 11:51:12,373 - WARNING - Failed to save augmentation time_stretch_fast: Error opening '/Users/suyashsuryavansh/My_Files/academic/scam_call_detection/data/augmented/legitimate_29_time_stretch_fast.wav': System error.
2025-11-05 11:51:12,373 - WARNING - Failed to save augmentation pitch_up: Error opening '/Users/suyashsuryavansh/My_Files/academic/scam_call_detection/data/augmented/legitimate_29_pitch_up.wav': System error.
2025-11-05 11:51:12,373 - WARNING - Failed to save augmentation pitch_down: Error opening '/Users/suyashsuryavansh/My_Files/academic/scam_call_detection/data/augmented/legitimate_29_pitch_down.wav': System error.
2025-11-05 11:51:12,416 - WARNING - Failed to save augmentation original: Error opening '/Users/suyashsuryavansh/My_Files/academic/scam_call_detection/data/augmented/legitimate_3_original.wav': System error.
2025-11-05 11:51:12,416 - WARNING - Failed to save augmentation time_stretch_slow: Error opening '/Users/suyashsuryavansh/My_Files/academic/scam_call_detection/data/augmented/legitimate_3_time_stretch_slow.wav': System error.
2025-11-05 11:51:12,416 - WARNING - Failed to save augmentation time_stretch_fast: Error opening '/Users/suyashsuryavansh/My_Files/academic/scam_call_detection/data/augmented/legitimate_3_time_stretch_fast.wav': System error.
2025-11-05 11:51:12,417 - WARNING - Failed to save augmentation pitch_up: Error opening '/Users/suyashsuryavansh/My_Files/academic/scam_call_detection/data/augmented/legitimate_3_pitch_up.wav': System error.
2025-11-05 11:51:12,417 - WARNING - Failed to save augmentation pitch_down: Error opening '/Users/suyashsuryavansh/My_Files/academic/scam_call_detection/data/augmented/legitimate_3_pitch_down.wav': System error.
2025-11-05 11:51:12,478 - WARNING - Failed to save augmentation original: Error opening '/Users/suyashsuryavansh/My_Files/academic/scam_call_detection/data/augmented/legitimate_30_original.wav': System error.
2025-11-05 11:51:12,478 - WARNING - Failed to save augmentation time_stretch_slow: Error opening '/Users/suyashsuryavansh/My_Files/academic/scam_call_detection/data/augmented/legitimate_30_time_stretch_slow.wav': System error.
2025-11-05 11:51:12,478 - WARNING - Failed to save augmentation time_stretch_fast: Error opening '/Users/suyashsuryavansh/My_Files/academic/scam_call_detection/data/augmented/legitimate_30_time_stretch_fast.wav': System error.
2025-11-05 11:51:12,478 - WARNING - Failed to save augmentation pitch_up: Error opening '/Users/suyashsuryavansh/My_Files/academic/scam_call_detection/data/augmented/legitimate_30_pitch_up.wav': System error.
2025-11-05 11:51:12,478 - WARNING - Failed to save augmentation pitch_down: Error opening '/Users/suyashsuryavansh/My_Files/academic/scam_call_detection/data/augmented/legitimate_30_pitch_down.wav': System error.
2025-11-05 11:51:12,530 - WARNING - Failed to save augmentation original: Error opening '/Users/suyashsuryavansh/My_Files/academic/scam_call_detection/data/augmented/legitimate_31_original.wav': System error.
2025-11-05 11:51:12,530 - WARNING - Failed to save augmentation time_stretch_slow: Error opening '/Users/suyashsuryavansh/My_Files/academic/scam_call_detection/data/augmented/legitimate_31_time_stretch_slow.wav': System error.
2025-11-05 11:51:12,530 - WARNING - Failed to save augmentation time_stretch_fast: Error opening '/Users/suyashsuryavansh/My_Files/academic/scam_call_detection/data/augmented/legitimate_31_time_stretch_fast.wav': System error.
2025-11-05 11:51:12,530 - WARNING - Failed to save augmentation pitch_up: Error opening '/Users/suyashsuryavansh/My_Files/academic/scam_call_detection/data/augmented/legitimate_31_pitch_up.wav': System error.
2025-11-05 11:51:12,530 - WARNING - Failed to save augmentation pitch_down: Error opening '/Users/suyashsuryavansh/My_Files/academic/scam_call_detection/data/augmented/legitimate_31_pitch_down.wav': System error.
2025-11-05 11:51:12,590 - WARNING - Failed to save augmentation original: Error opening '/Users/suyashsuryavansh/My_Files/academic/scam_call_detection/data/augmented/legitimate_32_original.wav': System error.
2025-11-05 11:51:12,591 - WARNING - Failed to save augmentation time_stretch_slow: Error opening '/Users/suyashsuryavansh/My_Files/academic/scam_call_detection/data/augmented/legitimate_32_time_stretch_slow.wav': System error.
2025-11-05 11:51:12,591 - WARNING - Failed to save augmentation time_stretch_fast: Error opening '/Users/suyashsuryavansh/My_Files/academic/scam_call_detection/data/augmented/legitimate_32_time_stretch_fast.wav': System error.
2025-11-05 11:51:12,591 - WARNING - Failed to save augmentation pitch_up: Error opening '/Users/suyashsuryavansh/My_Files/academic/scam_call_detection/data/augmented/legitimate_32_pitch_up.wav': System error.
2025-11-05 11:51:12,591 - WARNING - Failed to save augmentation pitch_down: Error opening '/Users/suyashsuryavansh/My_Files/academic/scam_call_detection/data/augmented/legitimate_32_pitch_down.wav': System error.
2025-11-05 11:51:12,633 - WARNING - Failed to save augmentation original: Error opening '/Users/suyashsuryavansh/My_Files/academic/scam_call_detection/data/augmented/legitimate_33_original.wav': System error.
2025-11-05 11:51:12,633 - WARNING - Failed to save augmentation time_stretch_slow: Error opening '/Users/suyashsuryavansh/My_Files/academic/scam_call_detection/data/augmented/legitimate_33_time_stretch_slow.wav': System error.
2025-11-05 11:51:12,633 - WARNING - Failed to save augmentation time_stretch_fast: Error opening '/Users/suyashsuryavansh/My_Files/academic/scam_call_detection/data/augmented/legitimate_33_time_stretch_fast.wav': System error.
2025-11-05 11:51:12,633 - WARNING - Failed to save augmentation pitch_up: Error opening '/Users/suyashsuryavansh/My_Files/academic/scam_call_detection/data/augmented/legitimate_33_pitch_up.wav': System error.
2025-11-05 11:51:12,633 - WARNING - Failed to save augmentation pitch_down: Error opening '/Users/suyashsuryavansh/My_Files/academic/scam_call_detection/data/augmented/legitimate_33_pitch_down.wav': System error.
2025-11-05 11:51:12,677 - WARNING - Failed to save augmentation original: Error opening '/Users/suyashsuryavansh/My_Files/academic/scam_call_detection/data/augmented/legitimate_34_original.wav': System error.
2025-11-05 11:51:12,677 - WARNING - Failed to save augmentation time_stretch_slow: Error opening '/Users/suyashsuryavansh/My_Files/academic/scam_call_detection/data/augmented/legitimate_34_time_stretch_slow.wav': System error.
2025-11-05 11:51:12,678 - WARNING - Failed to save augmentation time_stretch_fast: Error opening '/Users/suyashsuryavansh/My_Files/academic/scam_call_detection/data/augmented/legitimate_34_time_stretch_fast.wav': System error.
2025-11-05 11:51:12,678 - WARNING - Failed to save augmentation pitch_up: Error opening '/Users/suyashsuryavansh/My_Files/academic/scam_call_detection/data/augmented/legitimate_34_pitch_up.wav': System error.
2025-11-05 11:51:12,678 - WARNING - Failed to save augmentation pitch_down: Error opening '/Users/suyashsuryavansh/My_Files/academic/scam_call_detection/data/augmented/legitimate_34_pitch_down.wav': System error.
2025-11-05 11:51:12,724 - WARNING - Failed to save augmentation original: Error opening '/Users/suyashsuryavansh/My_Files/academic/scam_call_detection/data/augmented/legitimate_35_original.wav': System error.
2025-11-05 11:51:12,724 - WARNING - Failed to save augmentation time_stretch_slow: Error opening '/Users/suyashsuryavansh/My_Files/academic/scam_call_detection/data/augmented/legitimate_35_time_stretch_slow.wav': System error.
2025-11-05 11:51:12,724 - WARNING - Failed to save augmentation time_stretch_fast: Error opening '/Users/suyashsuryavansh/My_Files/academic/scam_call_detection/data/augmented/legitimate_35_time_stretch_fast.wav': System error.
2025-11-05 11:51:12,724 - WARNING - Failed to save augmentation pitch_up: Error opening '/Users/suyashsuryavansh/My_Files/academic/scam_call_detection/data/augmented/legitimate_35_pitch_up.wav': System error.
2025-11-05 11:51:12,724 - WARNING - Failed to save augmentation pitch_down: Error opening '/Users/suyashsuryavansh/My_Files/academic/scam_call_detection/data/augmented/legitimate_35_pitch_down.wav': System error.
2025-11-05 11:51:12,764 - WARNING - Failed to save augmentation original: Error opening '/Users/suyashsuryavansh/My_Files/academic/scam_call_detection/data/augmented/legitimate_36_original.wav': System error.
2025-11-05 11:51:12,764 - WARNING - Failed to save augmentation time_stretch_slow: Error opening '/Users/suyashsuryavansh/My_Files/academic/scam_call_detection/data/augmented/legitimate_36_time_stretch_slow.wav': System error.
2025-11-05 11:51:12,764 - WARNING - Failed to save augmentation time_stretch_fast: Error opening '/Users/suyashsuryavansh/My_Files/academic/scam_call_detection/data/augmented/legitimate_36_time_stretch_fast.wav': System error.
2025-11-05 11:51:12,764 - WARNING - Failed to save augmentation pitch_up: Error opening '/Users/suyashsuryavansh/My_Files/academic/scam_call_detection/data/augmented/legitimate_36_pitch_up.wav': System error.
2025-11-05 11:51:12,764 - WARNING - Failed to save augmentation pitch_down: Error opening '/Users/suyashsuryavansh/My_Files/academic/scam_call_detection/data/augmented/legitimate_36_pitch_down.wav': System error.
2025-11-05 11:51:12,825 - WARNING - Failed to save augmentation original: Error opening '/Users/suyashsuryavansh/My_Files/academic/scam_call_detection/data/augmented/legitimate_37_original.wav': System error.
2025-11-05 11:51:12,825 - WARNING - Failed to save augmentation time_stretch_slow: Error opening '/Users/suyashsuryavansh/My_Files/academic/scam_call_detection/data/augmented/legitimate_37_time_stretch_slow.wav': System error.
2025-11-05 11:51:12,825 - WARNING - Failed to save augmentation time_stretch_fast: Error opening '/Users/suyashsuryavansh/My_Files/academic/scam_call_detection/data/augmented/legitimate_37_time_stretch_fast.wav': System error.
2025-11-05 11:51:12,825 - WARNING - Failed to save augmentation pitch_up: Error opening '/Users/suyashsuryavansh/My_Files/academic/scam_call_detection/data/augmented/legitimate_37_pitch_up.wav': System error.
2025-11-05 11:51:12,825 - WARNING - Failed to save augmentation pitch_down: Error opening '/Users/suyashsuryavansh/My_Files/academic/scam_call_detection/data/augmented/legitimate_37_pitch_down.wav': System error.
2025-11-05 11:51:12,877 - WARNING - Failed to save augmentation original: Error opening '/Users/suyashsuryavansh/My_Files/academic/scam_call_detection/data/augmented/legitimate_38_original.wav': System error.
2025-11-05 11:51:12,877 - WARNING - Failed to save augmentation time_stretch_slow: Error opening '/Users/suyashsuryavansh/My_Files/academic/scam_call_detection/data/augmented/legitimate_38_time_stretch_slow.wav': System error.
2025-11-05 11:51:12,877 - WARNING - Failed to save augmentation time_stretch_fast: Error opening '/Users/suyashsuryavansh/My_Files/academic/scam_call_detection/data/augmented/legitimate_38_time_stretch_fast.wav': System error.
2025-11-05 11:51:12,877 - WARNING - Failed to save augmentation pitch_up: Error opening '/Users/suyashsuryavansh/My_Files/academic/scam_call_detection/data/augmented/legitimate_38_pitch_up.wav': System error.
2025-11-05 11:51:12,877 - WARNING - Failed to save augmentation pitch_down: Error opening '/Users/suyashsuryavansh/My_Files/academic/scam_call_detection/data/augmented/legitimate_38_pitch_down.wav': System error.
2025-11-05 11:51:12,923 - WARNING - Failed to save augmentation original: Error opening '/Users/suyashsuryavansh/My_Files/academic/scam_call_detection/data/augmented/legitimate_39_original.wav': System error.
2025-11-05 11:51:12,923 - WARNING - Failed to save augmentation time_stretch_slow: Error opening '/Users/suyashsuryavansh/My_Files/academic/scam_call_detection/data/augmented/legitimate_39_time_stretch_slow.wav': System error.
2025-11-05 11:51:12,923 - WARNING - Failed to save augmentation time_stretch_fast: Error opening '/Users/suyashsuryavansh/My_Files/academic/scam_call_detection/data/augmented/legitimate_39_time_stretch_fast.wav': System error.
2025-11-05 11:51:12,923 - WARNING - Failed to save augmentation pitch_up: Error opening '/Users/suyashsuryavansh/My_Files/academic/scam_call_detection/data/augmented/legitimate_39_pitch_up.wav': System error.
2025-11-05 11:51:12,923 - WARNING - Failed to save augmentation pitch_down: Error opening '/Users/suyashsuryavansh/My_Files/academic/scam_call_detection/data/augmented/legitimate_39_pitch_down.wav': System error.
2025-11-05 11:51:12,979 - WARNING - Failed to save augmentation original: Error opening '/Users/suyashsuryavansh/My_Files/academic/scam_call_detection/data/augmented/legitimate_4_original.wav': System error.
2025-11-05 11:51:12,980 - WARNING - Failed to save augmentation time_stretch_slow: Error opening '/Users/suyashsuryavansh/My_Files/academic/scam_call_detection/data/augmented/legitimate_4_time_stretch_slow.wav': System error.
2025-11-05 11:51:12,980 - WARNING - Failed to save augmentation time_stretch_fast: Error opening '/Users/suyashsuryavansh/My_Files/academic/scam_call_detection/data/augmented/legitimate_4_time_stretch_fast.wav': System error.
2025-11-05 11:51:12,980 - WARNING - Failed to save augmentation pitch_up: Error opening '/Users/suyashsuryavansh/My_Files/academic/scam_call_detection/data/augmented/legitimate_4_pitch_up.wav': System error.
2025-11-05 11:51:12,980 - WARNING - Failed to save augmentation pitch_down: Error opening '/Users/suyashsuryavansh/My_Files/academic/scam_call_detection/data/augmented/legitimate_4_pitch_down.wav': System error.
2025-11-05 11:51:13,028 - WARNING - Failed to save augmentation original: Error opening '/Users/suyashsuryavansh/My_Files/academic/scam_call_detection/data/augmented/legitimate_40_original.wav': System error.
2025-11-05 11:51:13,028 - WARNING - Failed to save augmentation time_stretch_slow: Error opening '/Users/suyashsuryavansh/My_Files/academic/scam_call_detection/data/augmented/legitimate_40_time_stretch_slow.wav': System error.
2025-11-05 11:51:13,028 - WARNING - Failed to save augmentation time_stretch_fast: Error opening '/Users/suyashsuryavansh/My_Files/academic/scam_call_detection/data/augmented/legitimate_40_time_stretch_fast.wav': System error.
2025-11-05 11:51:13,028 - WARNING - Failed to save augmentation pitch_up: Error opening '/Users/suyashsuryavansh/My_Files/academic/scam_call_detection/data/augmented/legitimate_40_pitch_up.wav': System error.
2025-11-05 11:51:13,028 - WARNING - Failed to save augmentation pitch_down: Error opening '/Users/suyashsuryavansh/My_Files/academic/scam_call_detection/data/augmented/legitimate_40_pitch_down.wav': System error.
2025-11-05 11:51:13,099 - WARNING - Failed to save augmentation original: Error opening '/Users/suyashsuryavansh/My_Files/academic/scam_call_detection/data/augmented/legitimate_5_original.wav': System error.
2025-11-05 11:51:13,099 - WARNING - Failed to save augmentation time_stretch_slow: Error opening '/Users/suyashsuryavansh/My_Files/academic/scam_call_detection/data/augmented/legitimate_5_time_stretch_slow.wav': System error.
2025-11-05 11:51:13,099 - WARNING - Failed to save augmentation time_stretch_fast: Error opening '/Users/suyashsuryavansh/My_Files/academic/scam_call_detection/data/augmented/legitimate_5_time_stretch_fast.wav': System error.
2025-11-05 11:51:13,099 - WARNING - Failed to save augmentation pitch_up: Error opening '/Users/suyashsuryavansh/My_Files/academic/scam_call_detection/data/augmented/legitimate_5_pitch_up.wav': System error.
2025-11-05 11:51:13,099 - WARNING - Failed to save augmentation pitch_down: Error opening '/Users/suyashsuryavansh/My_Files/academic/scam_call_detection/data/augmented/legitimate_5_pitch_down.wav': System error.
2025-11-05 11:51:13,159 - WARNING - Failed to save augmentation original: Error opening '/Users/suyashsuryavansh/My_Files/academic/scam_call_detection/data/augmented/legitimate_6_original.wav': System error.
2025-11-05 11:51:13,159 - WARNING - Failed to save augmentation time_stretch_slow: Error opening '/Users/suyashsuryavansh/My_Files/academic/scam_call_detection/data/augmented/legitimate_6_time_stretch_slow.wav': System error.
2025-11-05 11:51:13,159 - WARNING - Failed to save augmentation time_stretch_fast: Error opening '/Users/suyashsuryavansh/My_Files/academic/scam_call_detection/data/augmented/legitimate_6_time_stretch_fast.wav': System error.
2025-11-05 11:51:13,159 - WARNING - Failed to save augmentation pitch_up: Error opening '/Users/suyashsuryavansh/My_Files/academic/scam_call_detection/data/augmented/legitimate_6_pitch_up.wav': System error.
2025-11-05 11:51:13,159 - WARNING - Failed to save augmentation pitch_down: Error opening '/Users/suyashsuryavansh/My_Files/academic/scam_call_detection/data/augmented/legitimate_6_pitch_down.wav': System error.
2025-11-05 11:51:13,223 - WARNING - Failed to save augmentation original: Error opening '/Users/suyashsuryavansh/My_Files/academic/scam_call_detection/data/augmented/legitimate_7_original.wav': System error.
2025-11-05 11:51:13,223 - WARNING - Failed to save augmentation time_stretch_slow: Error opening '/Users/suyashsuryavansh/My_Files/academic/scam_call_detection/data/augmented/legitimate_7_time_stretch_slow.wav': System error.
2025-11-05 11:51:13,223 - WARNING - Failed to save augmentation time_stretch_fast: Error opening '/Users/suyashsuryavansh/My_Files/academic/scam_call_detection/data/augmented/legitimate_7_time_stretch_fast.wav': System error.
2025-11-05 11:51:13,223 - WARNING - Failed to save augmentation pitch_up: Error opening '/Users/suyashsuryavansh/My_Files/academic/scam_call_detection/data/augmented/legitimate_7_pitch_up.wav': System error.
2025-11-05 11:51:13,223 - WARNING - Failed to save augmentation pitch_down: Error opening '/Users/suyashsuryavansh/My_Files/academic/scam_call_detection/data/augmented/legitimate_7_pitch_down.wav': System error.
2025-11-05 11:51:13,308 - WARNING - Failed to save augmentation original: Error opening '/Users/suyashsuryavansh/My_Files/academic/scam_call_detection/data/augmented/legitimate_8_original.wav': System error.
2025-11-05 11:51:13,308 - WARNING - Failed to save augmentation time_stretch_slow: Error opening '/Users/suyashsuryavansh/My_Files/academic/scam_call_detection/data/augmented/legitimate_8_time_stretch_slow.wav': System error.
2025-11-05 11:51:13,308 - WARNING - Failed to save augmentation time_stretch_fast: Error opening '/Users/suyashsuryavansh/My_Files/academic/scam_call_detection/data/augmented/legitimate_8_time_stretch_fast.wav': System error.
2025-11-05 11:51:13,308 - WARNING - Failed to save augmentation pitch_up: Error opening '/Users/suyashsuryavansh/My_Files/academic/scam_call_detection/data/augmented/legitimate_8_pitch_up.wav': System error.
2025-11-05 11:51:13,308 - WARNING - Failed to save augmentation pitch_down: Error opening '/Users/suyashsuryavansh/My_Files/academic/scam_call_detection/data/augmented/legitimate_8_pitch_down.wav': System error.
2025-11-05 11:51:13,355 - WARNING - Failed to save augmentation original: Error opening '/Users/suyashsuryavansh/My_Files/academic/scam_call_detection/data/augmented/legitimate_9_original.wav': System error.
2025-11-05 11:51:13,355 - WARNING - Failed to save augmentation time_stretch_slow: Error opening '/Users/suyashsuryavansh/My_Files/academic/scam_call_detection/data/augmented/legitimate_9_time_stretch_slow.wav': System error.
2025-11-05 11:51:13,355 - WARNING - Failed to save augmentation time_stretch_fast: Error opening '/Users/suyashsuryavansh/My_Files/academic/scam_call_detection/data/augmented/legitimate_9_time_stretch_fast.wav': System error.
2025-11-05 11:51:13,355 - WARNING - Failed to save augmentation pitch_up: Error opening '/Users/suyashsuryavansh/My_Files/academic/scam_call_detection/data/augmented/legitimate_9_pitch_up.wav': System error.
2025-11-05 11:51:13,356 - WARNING - Failed to save augmentation pitch_down: Error opening '/Users/suyashsuryavansh/My_Files/academic/scam_call_detection/data/augmented/legitimate_9_pitch_down.wav': System error.
2025-11-05 11:51:13,356 - INFO - Augmentation complete!
2025-11-05 11:51:13,356 - INFO - Original files: 80
2025-11-05 11:51:13,356 - INFO - Augmented files generated: 0
2025-11-05 11:51:13,356 - INFO - Output directory: /Users/suyashsuryavansh/My_Files/academic/scam_call_detection/data/augmented
2025-11-05 11:53:51,776 - INFO - Augmentation complete!
2025-11-05 11:53:51,776 - INFO - Original files: 80
2025-11-05 11:53:51,776 - INFO - Augmented files generated: 400
2025-11-05 11:53:51,776 - INFO - Output directory: /Users/suyashsuryavansh/My_Files/academic/scam_call_detection/data/augmented
2025-11-05 11:55:12,063 - INFO - Extracted features from 400 samples
2025-11-05 11:55:12,063 - INFO - Total features: 46
2025-11-05 11:55:12,076 - INFO - Saved augmented features to /Users/suyashsuryavansh/My_Files/academic/scam_call_detection/data/processed/features_augmented.csv
2025-11-05 11:55:12,076 - INFO - Shape: (400, 48)
2025-11-05 13:19:53,388 - INFO - DNN model created
2025-11-05 13:19:53,389 - INFO - Features scaled: mean=0.0000, std=0.9780
2025-11-05 13:20:01,272 - INFO - Training complete. Final validation accuracy: 0.8625
2025-11-05 13:20:01,272 - WARNING - You are saving your model as an HDF5 file via `model.save()` or `keras.saving.save_model(model)`. This file format is considered legacy. We recommend using instead the native Keras format, e.g. `model.save('my_model.keras')` or `keras.saving.save_model(model, 'my_model.keras')`. 
2025-11-05 13:20:01,295 - INFO - DNN model saved to /Users/suyashsuryavansh/My_Files/academic/scam_call_detection/models/dnn_model.h5
2025-11-05 13:20:01,296 - INFO - DNN scaler saved to /Users/suyashsuryavansh/My_Files/academic/scam_call_detection/models/dnn_scaler.pkl
2025-11-05 13:34:12,453 - INFO - XGBoost model initialized
2025-11-05 13:34:12,621 - INFO - XGBoost model trained
2025-11-05 13:34:13,344 - INFO - Cross-validation complete: 0.8459
2025-11-05 13:34:13,348 - INFO - XGBoost model saved to /Users/suyashsuryavansh/My_Files/academic/scam_call_detection/models/xgboost_model.json
2025-11-05 22:55:51,617 - WARNING - Compiled the loaded model, but the compiled metrics have yet to be built. `model.compile_metrics` will be empty until you train or evaluate the model.
2025-11-05 22:55:51,620 - INFO - DNN model loaded
2025-11-05 22:55:51,644 - INFO - XGBoost model loaded
2025-11-05 22:59:55,654 - WARNING - Compiled the loaded model, but the compiled metrics have yet to be built. `model.compile_metrics` will be empty until you train or evaluate the model.
2025-11-05 22:59:55,657 - INFO - DNN model loaded
2025-11-05 22:59:55,669 - INFO - XGBoost model loaded
2025-11-05 22:59:55,881 - WARNING - Compiled the loaded model, but the compiled metrics have yet to be built. `model.compile_metrics` will be empty until you train or evaluate the model.
2025-11-05 23:02:38,904 - WARNING - Compiled the loaded model, but the compiled metrics have yet to be built. `model.compile_metrics` will be empty until you train or evaluate the model.
2025-11-05 23:02:38,908 - INFO - DNN model loaded
2025-11-05 23:02:38,924 - INFO - XGBoost model loaded
2025-11-05 23:02:39,135 - WARNING - Compiled the loaded model, but the compiled metrics have yet to be built. `model.compile_metrics` will be empty until you train or evaluate the model.
2025-11-05 23:10:32,813 - WARNING - Compiled the loaded model, but the compiled metrics have yet to be built. `model.compile_metrics` will be empty until you train or evaluate the model.
2025-11-05 23:10:32,816 - INFO - DNN model loaded
2025-11-05 23:10:32,832 - INFO - XGBoost model loaded
2025-11-05 23:10:33,044 - WARNING - Compiled the loaded model, but the compiled metrics have yet to be built. `model.compile_metrics` will be empty until you train or evaluate the model.
2025-11-05 23:10:33,061 - INFO - Saved evaluation metrics to /Users/suyashsuryavansh/My_Files/academic/scam_call_detection/results/metrics.csv
2025-11-05 23:10:33,061 - INFO - Shape: (3, 5)
2025-11-05 23:10:34,209 - INFO - ROC curves saved
2025-11-05 23:10:34,473 - INFO - Confusion matrices saved
